C:\Program Files (x86)\Microsoft Visual Studio\2017\Community\Common7\IDE\VC\VCTargets\Microsoft.CppBuild.targets(391,5): warning MSB8028: The intermediate directory (Release\) contains files shared from another project (Assignment_temp.vcxproj).  This can lead to incorrect clean and rebuild behavior.
  Source.c
c:\users\nibbinz\documents\paracomp\assignment_temp\assignment_temp\source.c(11): warning C4005: '_CRT_SECURE_NO_WARNINGS': macro redefinition
  c:\users\nibbinz\documents\paracomp\assignment_temp\assignment_temp\source.c: note: see previous definition of '_CRT_SECURE_NO_WARNINGS'
c:\users\nibbinz\documents\paracomp\assignment_temp\assignment_temp\source.c(63): warning C4018: '>': signed/unsigned mismatch
c:\users\nibbinz\documents\paracomp\assignment_temp\assignment_temp\source.c(64): warning C4474: 'printf' : too many arguments passed for format string
  c:\users\nibbinz\documents\paracomp\assignment_temp\assignment_temp\source.c(64): note: placeholders and their parameters expect 2 variadic arguments, but 3 were provided
c:\users\nibbinz\documents\paracomp\assignment_temp\assignment_temp\source.c(99): warning C4047: 'function': 'Pixel *' differs in levels of indirection from 'Pixel **'
c:\users\nibbinz\documents\paracomp\assignment_temp\assignment_temp\source.c(99): warning C4024: 'pad_array': different types for formal and actual parameter 3
c:\users\nibbinz\documents\paracomp\assignment_temp\assignment_temp\source.c(109): warning C4244: '=': conversion from 'double' to 'clock_t', possible loss of data
c:\users\nibbinz\documents\paracomp\assignment_temp\assignment_temp\source.c(115): warning C4047: 'function': 'Pixel *' differs in levels of indirection from 'Pixel **'
c:\users\nibbinz\documents\paracomp\assignment_temp\assignment_temp\source.c(115): warning C4024: 'pad_array': different types for formal and actual parameter 3
c:\users\nibbinz\documents\paracomp\assignment_temp\assignment_temp\source.c(118): warning C4244: '=': conversion from 'double' to 'clock_t', possible loss of data
c:\users\nibbinz\documents\paracomp\assignment_temp\assignment_temp\source.c(136): warning C4047: 'function': 'Pixel *' differs in levels of indirection from 'Pixel **'
c:\users\nibbinz\documents\paracomp\assignment_temp\assignment_temp\source.c(136): warning C4024: 'pad_array': different types for formal and actual parameter 3
c:\users\nibbinz\documents\paracomp\assignment_temp\assignment_temp\source.c(143): warning C4244: '=': conversion from 'double' to 'clock_t', possible loss of data
c:\users\nibbinz\documents\paracomp\assignment_temp\assignment_temp\source.c(147): warning C4047: 'function': 'Pixel *' differs in levels of indirection from 'Pixel **'
c:\users\nibbinz\documents\paracomp\assignment_temp\assignment_temp\source.c(147): warning C4024: 'pad_array': different types for formal and actual parameter 3
c:\users\nibbinz\documents\paracomp\assignment_temp\assignment_temp\source.c(150): warning C4244: '=': conversion from 'double' to 'clock_t', possible loss of data
c:\users\nibbinz\documents\paracomp\assignment_temp\assignment_temp\source.c(201): warning C4018: '<': signed/unsigned mismatch
c:\users\nibbinz\documents\paracomp\assignment_temp\assignment_temp\source.c(333): warning C4244: '=': conversion from 'double' to 'float', possible loss of data
c:\users\nibbinz\documents\paracomp\assignment_temp\assignment_temp\source.c(334): warning C4244: '=': conversion from 'double' to 'float', possible loss of data
c:\users\nibbinz\documents\paracomp\assignment_temp\assignment_temp\source.c(335): warning C4244: 'initializing': conversion from 'float' to 'int', possible loss of data
c:\users\nibbinz\documents\paracomp\assignment_temp\assignment_temp\source.c(336): warning C4244: 'initializing': conversion from 'float' to 'int', possible loss of data
c:\users\nibbinz\documents\paracomp\assignment_temp\assignment_temp\source.c(451): warning C4018: '<': signed/unsigned mismatch
c:\users\nibbinz\documents\paracomp\assignment_temp\assignment_temp\source.c(454): warning C4018: '<': signed/unsigned mismatch
c:\users\nibbinz\documents\paracomp\assignment_temp\assignment_temp\source.c(466): warning C4018: '<': signed/unsigned mismatch
c:\users\nibbinz\documents\paracomp\assignment_temp\assignment_temp\source.c(467): warning C4018: '<': signed/unsigned mismatch
c:\users\nibbinz\documents\paracomp\assignment_temp\assignment_temp\source.c(480): warning C4018: '<': signed/unsigned mismatch
c:\users\nibbinz\documents\paracomp\assignment_temp\assignment_temp\source.c(481): warning C4018: '<': signed/unsigned mismatch
c:\users\nibbinz\documents\paracomp\assignment_temp\assignment_temp\source.c(489): warning C4018: '<': signed/unsigned mismatch
  Generating code
  All 18 functions were compiled because no usable IPDB/IOBJ from previous compilation was found.
  Finished generating code
  Assignment_temp.vcxproj -> C:\Users\Nibbinz\Documents\paracomp\Assignment_temp\Release\Assignment_1.exe
